android/app/build/intermediates/manifest_merge_blame_file/debug/manifest-merger-blame-debug-report.txt
1<?xml version="1.0" encoding="utf-8"?>
2<manifest xmlns:android="http://schemas.android.com/apk/res/android"
3    package="com.mahalakshmiapp"
4    android:versionCode="1"
5    android:versionName="1.0" >
6
7    <uses-sdk
8        android:minSdkVersion="21"
9        android:targetSdkVersion="31" />
10
11    <uses-permission android:name="android.permission.SYSTEM_ALERT_WINDOW" />
11-->src\debug\AndroidManifest.xml:5:5-77
11-->src\debug\AndroidManifest.xml:5:22-75
12    <uses-permission android:name="android.permission.INTERNET" />
12-->src\main\AndroidManifest.xml:4:5-67
12-->src\main\AndroidManifest.xml:4:22-64
13    <uses-permission android:name="android.permission.ACCESS_WIFI_STATE" /> <!-- Required to access Google Play Licensing -->
13-->[com.facebook.flipper:flipper:0.125.0] AndroidManifest.xml:16:5-76
13-->[com.facebook.flipper:flipper:0.125.0] AndroidManifest.xml:16:22-73
14    <uses-permission android:name="com.android.vending.CHECK_LICENSE" />
14-->[:rn-fetch-blob] AndroidManifest.xml:10:5-73
14-->[:rn-fetch-blob] AndroidManifest.xml:10:22-70
15    <!--
16         Required to keep CPU alive while downloading files
17        (NOT to keep screen awake)
18    -->
19    <uses-permission android:name="android.permission.WAKE_LOCK" />
19-->[:rn-fetch-blob] AndroidManifest.xml:19:5-68
19-->[:rn-fetch-blob] AndroidManifest.xml:19:22-65
20    <!--
21         Required to poll the state of the network connection
22        and respond to changes
23    -->
24    <uses-permission android:name="android.permission.ACCESS_NETWORK_STATE" /> <!-- Required to read and write the expansion files on shared storage -->
24-->[:rn-fetch-blob] AndroidManifest.xml:25:5-79
24-->[:rn-fetch-blob] AndroidManifest.xml:25:22-76
25    <uses-permission android:name="android.permission.WRITE_EXTERNAL_STORAGE" />
25-->[:rn-fetch-blob] AndroidManifest.xml:31:5-81
25-->[:rn-fetch-blob] AndroidManifest.xml:31:22-78
26
27    <application
27-->src\main\AndroidManifest.xml:6:5-25:19
28        android:name="com.mahalakshmiapp.MainApplication"
28-->src\main\AndroidManifest.xml:7:7-38
29        android:allowBackup="false"
29-->src\main\AndroidManifest.xml:11:7-34
30        android:appComponentFactory="androidx.core.app.CoreComponentFactory"
30-->[androidx.core:core:1.6.0] AndroidManifest.xml:24:18-86
31        android:debuggable="true"
32        android:icon="@mipmap/ic_launcher"
32-->src\main\AndroidManifest.xml:9:7-41
33        android:label="@string/app_name"
33-->src\main\AndroidManifest.xml:8:7-39
34        android:roundIcon="@mipmap/ic_launcher_round"
34-->src\main\AndroidManifest.xml:10:7-52
35        android:testOnly="true"
36        android:theme="@style/AppTheme"
36-->src\main\AndroidManifest.xml:12:7-38
37        android:usesCleartextTraffic="true" >
37-->src\debug\AndroidManifest.xml:8:9-44
38        <activity
38-->src\debug\AndroidManifest.xml:11:9-111
39            android:name="com.facebook.react.devsupport.DevSettingsActivity"
39-->src\debug\AndroidManifest.xml:11:19-83
40            android:exported="false" />
40-->src\debug\AndroidManifest.xml:11:84-108
41        <activity
41-->src\main\AndroidManifest.xml:13:7-24:18
42            android:name="com.mahalakshmiapp.MainActivity"
42-->src\main\AndroidManifest.xml:14:9-37
43            android:configChanges="keyboard|keyboardHidden|orientation|screenLayout|screenSize|smallestScreenSize|uiMode"
43-->src\main\AndroidManifest.xml:16:9-118
44            android:exported="true"
44-->src\main\AndroidManifest.xml:19:9-32
45            android:label="@string/app_name"
45-->src\main\AndroidManifest.xml:15:9-41
46            android:launchMode="singleTask"
46-->src\main\AndroidManifest.xml:17:9-40
47            android:windowSoftInputMode="adjustResize" >
47-->src\main\AndroidManifest.xml:18:9-51
48            <intent-filter>
48-->src\main\AndroidManifest.xml:20:9-23:25
49                <action android:name="android.intent.action.MAIN" />
49-->src\main\AndroidManifest.xml:21:13-65
49-->src\main\AndroidManifest.xml:21:21-62
50
51                <category android:name="android.intent.category.LAUNCHER" />
51-->src\main\AndroidManifest.xml:22:13-73
51-->src\main\AndroidManifest.xml:22:23-70
52            </intent-filter>
53        </activity>
54
55        <provider
55-->[:react-native-share] AndroidManifest.xml:10:9-18:20
56            android:name="cl.json.RNShareFileProvider"
56-->[:react-native-share] AndroidManifest.xml:11:13-55
57            android:authorities="com.mahalakshmiapp.rnshare.fileprovider"
57-->[:react-native-share] AndroidManifest.xml:12:13-72
58            android:exported="false"
58-->[:react-native-share] AndroidManifest.xml:13:13-37
59            android:grantUriPermissions="true" >
59-->[:react-native-share] AndroidManifest.xml:14:13-47
60            <meta-data
60-->[:react-native-share] AndroidManifest.xml:15:13-17:64
61                android:name="android.support.FILE_PROVIDER_PATHS"
61-->[:react-native-share] AndroidManifest.xml:16:17-67
62                android:resource="@xml/share_download_paths" />
62-->[:react-native-share] AndroidManifest.xml:17:17-61
63        </provider>
64        <provider
64-->[:rn-fetch-blob] AndroidManifest.xml:34:9-42:20
65            android:name="com.RNFetchBlob.Utils.FileProvider"
65-->[:rn-fetch-blob] AndroidManifest.xml:35:13-62
66            android:authorities="com.mahalakshmiapp.provider"
66-->[:rn-fetch-blob] AndroidManifest.xml:36:13-60
67            android:exported="false"
67-->[:rn-fetch-blob] AndroidManifest.xml:37:13-37
68            android:grantUriPermissions="true" >
68-->[:rn-fetch-blob] AndroidManifest.xml:38:13-47
69            <meta-data
69-->[:react-native-share] AndroidManifest.xml:15:13-17:64
70                android:name="android.support.FILE_PROVIDER_PATHS"
70-->[:react-native-share] AndroidManifest.xml:16:17-67
71                android:resource="@xml/provider_paths" />
71-->[:react-native-share] AndroidManifest.xml:17:17-61
72        </provider>
73    </application>
74
75</manifest>